<?xml version="1.0" encoding="UTF-8"?>
<coverage generated="1661073315443" clover="3.2.0">
  <project timestamp="1661073315443" name="All files">
    <metrics statements="30" coveredstatements="30" conditionals="12" coveredconditionals="11" methods="6" coveredmethods="6" elements="48" coveredelements="47" complexity="0" loc="30" ncloc="30" packages="1" files="3" classes="3"/>
    <file name="compare.js" path="/mnt/d/IT_Projects/frontend-project-lvl2/src/compare.js">
      <metrics statements="15" coveredstatements="15" conditionals="8" coveredconditionals="8" methods="2" coveredmethods="2"/>
      <line num="4" count="1" type="stmt"/>
      <line num="5" count="2" type="stmt"/>
      <line num="6" count="2" type="stmt"/>
      <line num="7" count="2" type="stmt"/>
      <line num="9" count="10" type="stmt"/>
      <line num="10" count="10" type="stmt"/>
      <line num="12" count="10" type="stmt"/>
      <line num="13" count="10" type="stmt"/>
      <line num="14" count="10" type="stmt"/>
      <line num="16" count="10" type="cond" truecount="4" falsecount="0"/>
      <line num="17" count="4" type="cond" truecount="2" falsecount="0"/>
      <line num="20" count="6" type="cond" truecount="2" falsecount="0"/>
      <line num="21" count="4" type="stmt"/>
      <line num="24" count="2" type="stmt"/>
      <line num="28" count="2" type="stmt"/>
    </file>
    <file name="index.js" path="/mnt/d/IT_Projects/frontend-project-lvl2/src/index.js">
      <metrics statements="9" coveredstatements="9" conditionals="0" coveredconditionals="0" methods="3" coveredmethods="3"/>
      <line num="7" count="1" type="stmt"/>
      <line num="8" count="2" type="stmt"/>
      <line num="9" count="4" type="stmt"/>
      <line num="10" count="4" type="stmt"/>
      <line num="11" count="4" type="stmt"/>
      <line num="14" count="4" type="stmt"/>
      <line num="16" count="2" type="stmt"/>
      <line num="17" count="2" type="stmt"/>
      <line num="19" count="2" type="stmt"/>
    </file>
    <file name="parser.js" path="/mnt/d/IT_Projects/frontend-project-lvl2/src/parser.js">
      <metrics statements="6" coveredstatements="6" conditionals="4" coveredconditionals="3" methods="1" coveredmethods="1"/>
      <line num="3" count="1" type="stmt"/>
      <line num="5" count="4" type="cond" truecount="2" falsecount="0"/>
      <line num="6" count="2" type="stmt"/>
      <line num="7" count="2" type="cond" truecount="1" falsecount="1"/>
      <line num="8" count="2" type="stmt"/>
      <line num="10" count="4" type="stmt"/>
    </file>
  </project>
</coverage>
