{"/mnt/d/IT_Projects/frontend-project-lvl2/src/compare.js": {"path":"/mnt/d/IT_Projects/frontend-project-lvl2/src/compare.js","statementMap":{"0":{"start":{"line":4,"column":16},"end":{"line":29,"column":1}},"1":{"start":{"line":5,"column":15},"end":{"line":5,"column":50}},"2":{"start":{"line":6,"column":21},"end":{"line":6,"column":35}},"3":{"start":{"line":7,"column":17},"end":{"line":26,"column":15}},"4":{"start":{"line":9,"column":24},"end":{"line":9,"column":33}},"5":{"start":{"line":10,"column":24},"end":{"line":10,"column":33}},"6":{"start":{"line":12,"column":22},"end":{"line":12,"column":48}},"7":{"start":{"line":13,"column":22},"end":{"line":13,"column":48}},"8":{"start":{"line":14,"column":24},"end":{"line":14,"column":50}},"9":{"start":{"line":16,"column":6},"end":{"line":18,"column":7}},"10":{"start":{"line":17,"column":8},"end":{"line":17,"column":80}},"11":{"start":{"line":20,"column":6},"end":{"line":22,"column":7}},"12":{"start":{"line":21,"column":8},"end":{"line":21,"column":23}},"13":{"start":{"line":24,"column":6},"end":{"line":24,"column":21}},"14":{"start":{"line":28,"column":2},"end":{"line":28,"column":16}}},"fnMap":{"0":{"name":"(anonymous_0)","decl":{"start":{"line":4,"column":16},"end":{"line":4,"column":17}},"loc":{"start":{"line":4,"column":32},"end":{"line":29,"column":1}},"line":4},"1":{"name":"(anonymous_1)","decl":{"start":{"line":8,"column":9},"end":{"line":8,"column":10}},"loc":{"start":{"line":8,"column":18},"end":{"line":25,"column":5}},"line":8}},"branchMap":{"0":{"loc":{"start":{"line":16,"column":6},"end":{"line":18,"column":7}},"type":"if","locations":[{"start":{"line":16,"column":6},"end":{"line":18,"column":7}},{"start":{},"end":{}}],"line":16},"1":{"loc":{"start":{"line":16,"column":10},"end":{"line":16,"column":36}},"type":"binary-expr","locations":[{"start":{"line":16,"column":10},"end":{"line":16,"column":21}},{"start":{"line":16,"column":25},"end":{"line":16,"column":36}}],"line":16},"2":{"loc":{"start":{"line":17,"column":15},"end":{"line":17,"column":79}},"type":"cond-expr","locations":[{"start":{"line":17,"column":43},"end":{"line":17,"column":52}},{"start":{"line":17,"column":55},"end":{"line":17,"column":79}}],"line":17},"3":{"loc":{"start":{"line":20,"column":6},"end":{"line":22,"column":7}},"type":"if","locations":[{"start":{"line":20,"column":6},"end":{"line":22,"column":7}},{"start":{},"end":{}}],"line":20}},"s":{"0":1,"1":2,"2":2,"3":2,"4":10,"5":10,"6":10,"7":10,"8":10,"9":10,"10":4,"11":6,"12":4,"13":2,"14":2},"f":{"0":2,"1":10},"b":{"0":[4,6],"1":[10,8],"2":[2,2],"3":[4,2]},"_coverageSchema":"1a1c01bbd47fc00a2c39e90264f33305004495a9","hash":"0ec389ad2f418a13aaeb1f149136739b4a398589"}
,"/mnt/d/IT_Projects/frontend-project-lvl2/src/index.js": {"path":"/mnt/d/IT_Projects/frontend-project-lvl2/src/index.js","statementMap":{"0":{"start":{"line":7,"column":16},"end":{"line":20,"column":1}},"1":{"start":{"line":8,"column":19},"end":{"line":12,"column":3}},"2":{"start":{"line":9,"column":25},"end":{"line":9,"column":66}},"3":{"start":{"line":10,"column":17},"end":{"line":10,"column":46}},"4":{"start":{"line":11,"column":4},"end":{"line":11,"column":16}},"5":{"start":{"line":14,"column":20},"end":{"line":14,"column":48}},"6":{"start":{"line":14,"column":30},"end":{"line":14,"column":48}},"7":{"start":{"line":16,"column":22},"end":{"line":16,"column":63}},"8":{"start":{"line":17,"column":22},"end":{"line":17,"column":63}},"9":{"start":{"line":19,"column":2},"end":{"line":19,"column":54}}},"fnMap":{"0":{"name":"(anonymous_0)","decl":{"start":{"line":7,"column":16},"end":{"line":7,"column":17}},"loc":{"start":{"line":7,"column":34},"end":{"line":20,"column":1}},"line":7},"1":{"name":"(anonymous_1)","decl":{"start":{"line":8,"column":19},"end":{"line":8,"column":20}},"loc":{"start":{"line":8,"column":29},"end":{"line":12,"column":3}},"line":8},"2":{"name":"(anonymous_2)","decl":{"start":{"line":14,"column":20},"end":{"line":14,"column":21}},"loc":{"start":{"line":14,"column":30},"end":{"line":14,"column":48}},"line":14}},"branchMap":{},"s":{"0":1,"1":2,"2":4,"3":4,"4":4,"5":2,"6":4,"7":2,"8":2,"9":2},"f":{"0":2,"1":4,"2":4},"b":{},"_coverageSchema":"1a1c01bbd47fc00a2c39e90264f33305004495a9","hash":"43d7ef7b75b83b61eb0b68d46eb26b0748aaa856"}
,"/mnt/d/IT_Projects/frontend-project-lvl2/src/parser.js": {"path":"/mnt/d/IT_Projects/frontend-project-lvl2/src/parser.js","statementMap":{"0":{"start":{"line":3,"column":15},"end":{"line":11,"column":1}},"1":{"start":{"line":5,"column":2},"end":{"line":9,"column":3}},"2":{"start":{"line":6,"column":4},"end":{"line":6,"column":34}},"3":{"start":{"line":7,"column":9},"end":{"line":9,"column":3}},"4":{"start":{"line":8,"column":4},"end":{"line":8,"column":33}},"5":{"start":{"line":10,"column":2},"end":{"line":10,"column":16}}},"fnMap":{"0":{"name":"(anonymous_0)","decl":{"start":{"line":3,"column":15},"end":{"line":3,"column":16}},"loc":{"start":{"line":3,"column":37},"end":{"line":11,"column":1}},"line":3}},"branchMap":{"0":{"loc":{"start":{"line":5,"column":2},"end":{"line":9,"column":3}},"type":"if","locations":[{"start":{"line":5,"column":2},"end":{"line":9,"column":3}},{"start":{"line":7,"column":9},"end":{"line":9,"column":3}}],"line":5},"1":{"loc":{"start":{"line":7,"column":9},"end":{"line":9,"column":3}},"type":"if","locations":[{"start":{"line":7,"column":9},"end":{"line":9,"column":3}},{"start":{},"end":{}}],"line":7}},"s":{"0":1,"1":4,"2":2,"3":2,"4":2,"5":4},"f":{"0":4},"b":{"0":[2,2],"1":[2,0]},"_coverageSchema":"1a1c01bbd47fc00a2c39e90264f33305004495a9","hash":"722a25a7550e48c82292b395866486b0cc7cca22"}
}
