TN:
SF:src/compare.js
FN:4,(anonymous_0)
FN:8,(anonymous_1)
FNF:2
FNH:2
FNDA:2,(anonymous_0)
FNDA:10,(anonymous_1)
DA:4,1
DA:5,2
DA:6,2
DA:7,2
DA:9,10
DA:10,10
DA:12,10
DA:13,10
DA:14,10
DA:16,10
DA:17,4
DA:20,6
DA:21,4
DA:24,2
DA:28,2
LF:15
LH:15
BRDA:16,0,0,4
BRDA:16,0,1,6
BRDA:16,1,0,10
BRDA:16,1,1,8
BRDA:17,2,0,2
BRDA:17,2,1,2
BRDA:20,3,0,4
BRDA:20,3,1,2
BRF:8
BRH:8
end_of_record
TN:
SF:src/index.js
FN:7,(anonymous_0)
FN:8,(anonymous_1)
FN:14,(anonymous_2)
FNF:3
FNH:3
FNDA:2,(anonymous_0)
FNDA:4,(anonymous_1)
FNDA:4,(anonymous_2)
DA:7,1
DA:8,2
DA:9,4
DA:10,4
DA:11,4
DA:14,4
DA:16,2
DA:17,2
DA:19,2
LF:9
LH:9
BRF:0
BRH:0
end_of_record
TN:
SF:src/parser.js
FN:3,(anonymous_0)
FNF:1
FNH:1
FNDA:4,(anonymous_0)
DA:3,1
DA:5,4
DA:6,2
DA:7,2
DA:8,2
DA:10,4
LF:6
LH:6
BRDA:5,0,0,2
BRDA:5,0,1,2
BRDA:7,1,0,2
BRDA:7,1,1,0
BRF:4
BRH:3
end_of_record
